wandb: Currently logged in as: ar7996. Use `wandb login --relogin` to force relogin
wandb: Tracking run with wandb version 0.16.6
wandb: Run data is saved locally in /scratch/ar7996/HPML/project/wandb/run-20240426_105151-8scj9t5b
wandb: Run `wandb offline` to turn off syncing.
wandb: Syncing run true-wildflower-5
wandb: ⭐️ View project at https://wandb.ai/ar7996/HCT
wandb: 🚀 View run at https://wandb.ai/ar7996/HCT/runs/8scj9t5b
Starting Training: 
Optimizer: Adam, num_workers: 2, Device: cuda
Number of Devices: 1, Batch Size per GPU: 16
Number of Batches: 100

Learning Rate: [2e-05]

/scratch/ar7996/HPML/penv/lib/python3.12/site-packages/PIL/Image.py:3186: DecompressionBombWarning: Image size (99997020 pixels) exceeds limit of 89478485 pixels, could be decompression bomb DOS attack.
  warnings.warn(
/scratch/ar7996/HPML/penv/lib/python3.12/site-packages/PIL/Image.py:3186: DecompressionBombWarning: Image size (143116200 pixels) exceeds limit of 89478485 pixels, could be decompression bomb DOS attack.
  warnings.warn(
Epoch: 1/30 Training loss: 1.332566111087799, Training acc: 0.35375
Validation Loss: 1.2996394634246826, Validation Accuracy: 0.3713235294117647
Training time: 166.928405885119 secs, Running time: 1179.2598563348874 secs

Learning Rate: [2e-05]

/scratch/ar7996/HPML/penv/lib/python3.12/site-packages/PIL/Image.py:3186: DecompressionBombWarning: Image size (99997020 pixels) exceeds limit of 89478485 pixels, could be decompression bomb DOS attack.
  warnings.warn(
/scratch/ar7996/HPML/penv/lib/python3.12/site-packages/PIL/Image.py:3186: DecompressionBombWarning: Image size (143116200 pixels) exceeds limit of 89478485 pixels, could be decompression bomb DOS attack.
  warnings.warn(
Epoch: 2/30 Training loss: 1.258127224445343, Training acc: 0.416875
Validation Loss: 1.2286480595083797, Validation Accuracy: 0.47058823529411764
Training time: 162.76207736460492 secs, Running time: 1168.5098041966558 secs

Learning Rate: [2e-05]

/scratch/ar7996/HPML/penv/lib/python3.12/site-packages/PIL/Image.py:3186: DecompressionBombWarning: Image size (99997020 pixels) exceeds limit of 89478485 pixels, could be decompression bomb DOS attack.
  warnings.warn(
/scratch/ar7996/HPML/penv/lib/python3.12/site-packages/PIL/Image.py:3186: DecompressionBombWarning: Image size (143116200 pixels) exceeds limit of 89478485 pixels, could be decompression bomb DOS attack.
  warnings.warn(
Epoch: 3/30 Training loss: 1.2034441149234771, Training acc: 0.45375
Validation Loss: 1.1979795063243193, Validation Accuracy: 0.45588235294117646
Training time: 161.86513884784654 secs, Running time: 1142.4103022771887 secs

Learning Rate: [2e-05]

/scratch/ar7996/HPML/penv/lib/python3.12/site-packages/PIL/Image.py:3186: DecompressionBombWarning: Image size (99997020 pixels) exceeds limit of 89478485 pixels, could be decompression bomb DOS attack.
  warnings.warn(
/scratch/ar7996/HPML/penv/lib/python3.12/site-packages/PIL/Image.py:3186: DecompressionBombWarning: Image size (143116200 pixels) exceeds limit of 89478485 pixels, could be decompression bomb DOS attack.
  warnings.warn(
Epoch: 4/30 Training loss: 1.1472795337438584, Training acc: 0.511875
Validation Loss: 1.1425725677434135, Validation Accuracy: 0.4632352941176471
Training time: 161.93304108222947 secs, Running time: 1145.7784738726914 secs

Learning Rate: [2e-05]

wandb: Network error (ReadTimeout), entering retry loop.
/scratch/ar7996/HPML/penv/lib/python3.12/site-packages/PIL/Image.py:3186: DecompressionBombWarning: Image size (99997020 pixels) exceeds limit of 89478485 pixels, could be decompression bomb DOS attack.
  warnings.warn(
/scratch/ar7996/HPML/penv/lib/python3.12/site-packages/PIL/Image.py:3186: DecompressionBombWarning: Image size (143116200 pixels) exceeds limit of 89478485 pixels, could be decompression bomb DOS attack.
  warnings.warn(
Epoch: 5/30 Training loss: 1.085632434487343, Training acc: 0.52125
Validation Loss: 1.1023605255519642, Validation Accuracy: 0.5
Training time: 162.2000493411906 secs, Running time: 1172.2487001921982 secs

Learning Rate: [1.9921147013144782e-05]

/scratch/ar7996/HPML/penv/lib/python3.12/site-packages/PIL/Image.py:3186: DecompressionBombWarning: Image size (99997020 pixels) exceeds limit of 89478485 pixels, could be decompression bomb DOS attack.
  warnings.warn(
/scratch/ar7996/HPML/penv/lib/python3.12/site-packages/PIL/Image.py:3186: DecompressionBombWarning: Image size (143116200 pixels) exceeds limit of 89478485 pixels, could be decompression bomb DOS attack.
  warnings.warn(
Epoch: 6/30 Training loss: 1.0447648227214814, Training acc: 0.5425
Validation Loss: 1.073809900704552, Validation Accuracy: 0.5036764705882353
Training time: 162.3083075513132 secs, Running time: 1168.2834141897038 secs

Learning Rate: [1.9685831611286312e-05]

/scratch/ar7996/HPML/penv/lib/python3.12/site-packages/PIL/Image.py:3186: DecompressionBombWarning: Image size (99997020 pixels) exceeds limit of 89478485 pixels, could be decompression bomb DOS attack.
  warnings.warn(
/scratch/ar7996/HPML/penv/lib/python3.12/site-packages/PIL/Image.py:3186: DecompressionBombWarning: Image size (143116200 pixels) exceeds limit of 89478485 pixels, could be decompression bomb DOS attack.
  warnings.warn(
Epoch: 7/30 Training loss: 1.0193163365125657, Training acc: 0.566875
Validation Loss: 1.092988084344303, Validation Accuracy: 0.5183823529411765
Training time: 162.90401854272932 secs, Running time: 1165.5771365431137 secs

Learning Rate: [1.9297764858882516e-05]

/scratch/ar7996/HPML/penv/lib/python3.12/site-packages/PIL/Image.py:3186: DecompressionBombWarning: Image size (99997020 pixels) exceeds limit of 89478485 pixels, could be decompression bomb DOS attack.
  warnings.warn(
/scratch/ar7996/HPML/penv/lib/python3.12/site-packages/PIL/Image.py:3186: DecompressionBombWarning: Image size (143116200 pixels) exceeds limit of 89478485 pixels, could be decompression bomb DOS attack.
  warnings.warn(
Epoch: 8/30 Training loss: 0.9983108228445053, Training acc: 0.575
Validation Loss: 1.0734062896055334, Validation Accuracy: 0.5147058823529411
Training time: 162.66712387371808 secs, Running time: 1186.2103723678738 secs

Learning Rate: [1.8763066800438638e-05]

/scratch/ar7996/HPML/penv/lib/python3.12/site-packages/PIL/Image.py:3186: DecompressionBombWarning: Image size (99997020 pixels) exceeds limit of 89478485 pixels, could be decompression bomb DOS attack.
  warnings.warn(
/scratch/ar7996/HPML/penv/lib/python3.12/site-packages/PIL/Image.py:3186: DecompressionBombWarning: Image size (143116200 pixels) exceeds limit of 89478485 pixels, could be decompression bomb DOS attack.
  warnings.warn(
Epoch: 9/30 Training loss: 0.9718363511562348, Training acc: 0.573125
Validation Loss: 1.0519326679846819, Validation Accuracy: 0.5147058823529411
Training time: 162.2184602022171 secs, Running time: 1176.943298378028 secs

Learning Rate: [1.8090169943749477e-05]

/scratch/ar7996/HPML/penv/lib/python3.12/site-packages/PIL/Image.py:3186: DecompressionBombWarning: Image size (99997020 pixels) exceeds limit of 89478485 pixels, could be decompression bomb DOS attack.
  warnings.warn(
/scratch/ar7996/HPML/penv/lib/python3.12/site-packages/PIL/Image.py:3186: DecompressionBombWarning: Image size (143116200 pixels) exceeds limit of 89478485 pixels, could be decompression bomb DOS attack.
  warnings.warn(
Epoch: 10/30 Training loss: 0.9708852171897888, Training acc: 0.59125
Validation Loss: 1.070701136308558, Validation Accuracy: 0.5294117647058824
Training time: 162.46372806606814 secs, Running time: 1184.5562228960916 secs

Learning Rate: [1.7289686274214116e-05]

/scratch/ar7996/HPML/penv/lib/python3.12/site-packages/PIL/Image.py:3186: DecompressionBombWarning: Image size (99997020 pixels) exceeds limit of 89478485 pixels, could be decompression bomb DOS attack.
  warnings.warn(
/scratch/ar7996/HPML/penv/lib/python3.12/site-packages/PIL/Image.py:3186: DecompressionBombWarning: Image size (143116200 pixels) exceeds limit of 89478485 pixels, could be decompression bomb DOS attack.
  warnings.warn(
Epoch: 11/30 Training loss: 0.9655782532691956, Training acc: 0.589375
Validation Loss: 1.0557069918688606, Validation Accuracy: 0.5367647058823529
Training time: 162.56646091025323 secs, Running time: 1176.161855447106 secs

Learning Rate: [1.63742398974869e-05]

/scratch/ar7996/HPML/penv/lib/python3.12/site-packages/PIL/Image.py:3186: DecompressionBombWarning: Image size (99997020 pixels) exceeds limit of 89478485 pixels, could be decompression bomb DOS attack.
  warnings.warn(
/scratch/ar7996/HPML/penv/lib/python3.12/site-packages/PIL/Image.py:3186: DecompressionBombWarning: Image size (143116200 pixels) exceeds limit of 89478485 pixels, could be decompression bomb DOS attack.
  warnings.warn(
Epoch: 12/30 Training loss: 0.9318127208948135, Training acc: 0.61125
Validation Loss: 1.0685593976693994, Validation Accuracy: 0.5367647058823529
Training time: 161.8733678665012 secs, Running time: 1173.8997157979757 secs

Learning Rate: [1.5358267949789965e-05]

/scratch/ar7996/HPML/penv/lib/python3.12/site-packages/PIL/Image.py:3186: DecompressionBombWarning: Image size (99997020 pixels) exceeds limit of 89478485 pixels, could be decompression bomb DOS attack.
  warnings.warn(
/scratch/ar7996/HPML/penv/lib/python3.12/site-packages/PIL/Image.py:3186: DecompressionBombWarning: Image size (143116200 pixels) exceeds limit of 89478485 pixels, could be decompression bomb DOS attack.
  warnings.warn(
Epoch: 13/30 Training loss: 0.9362886273860931, Training acc: 0.600625
Validation Loss: 1.008968374308418, Validation Accuracy: 0.5441176470588235
Training time: 162.33520151022822 secs, Running time: 1194.2689430490136 secs

Learning Rate: [1.4257792915650726e-05]

/scratch/ar7996/HPML/penv/lib/python3.12/site-packages/PIL/Image.py:3186: DecompressionBombWarning: Image size (99997020 pixels) exceeds limit of 89478485 pixels, could be decompression bomb DOS attack.
  warnings.warn(
/scratch/ar7996/HPML/penv/lib/python3.12/site-packages/PIL/Image.py:3186: DecompressionBombWarning: Image size (143116200 pixels) exceeds limit of 89478485 pixels, could be decompression bomb DOS attack.
  warnings.warn(
Epoch: 14/30 Training loss: 0.9155266374349594, Training acc: 0.615625
Validation Loss: 1.019521317061256, Validation Accuracy: 0.5257352941176471
Training time: 162.53654064796865 secs, Running time: 1196.8254696330987 secs

Learning Rate: [1.3090169943749474e-05]

/scratch/ar7996/HPML/penv/lib/python3.12/site-packages/PIL/Image.py:3186: DecompressionBombWarning: Image size (99997020 pixels) exceeds limit of 89478485 pixels, could be decompression bomb DOS attack.
  warnings.warn(
/scratch/ar7996/HPML/penv/lib/python3.12/site-packages/PIL/Image.py:3186: DecompressionBombWarning: Image size (143116200 pixels) exceeds limit of 89478485 pixels, could be decompression bomb DOS attack.
  warnings.warn(
Epoch: 15/30 Training loss: 0.8988709926605225, Training acc: 0.615625
Validation Loss: 1.003768132013433, Validation Accuracy: 0.5514705882352942
Training time: 164.90650711394846 secs, Running time: 1163.2047874308191 secs

Learning Rate: [1.1873813145857248e-05]

/scratch/ar7996/HPML/penv/lib/python3.12/site-packages/PIL/Image.py:3186: DecompressionBombWarning: Image size (99997020 pixels) exceeds limit of 89478485 pixels, could be decompression bomb DOS attack.
  warnings.warn(
/scratch/ar7996/HPML/penv/lib/python3.12/site-packages/PIL/Image.py:3186: DecompressionBombWarning: Image size (143116200 pixels) exceeds limit of 89478485 pixels, could be decompression bomb DOS attack.
  warnings.warn(
Epoch: 16/30 Training loss: 0.8948710411787033, Training acc: 0.628125
Validation Loss: 1.0040122200460995, Validation Accuracy: 0.5477941176470589
Training time: 164.50873707514256 secs, Running time: 1153.2003744067624 secs

Learning Rate: [1.0627905195293135e-05]

/scratch/ar7996/HPML/penv/lib/python3.12/site-packages/PIL/Image.py:3186: DecompressionBombWarning: Image size (99997020 pixels) exceeds limit of 89478485 pixels, could be decompression bomb DOS attack.
  warnings.warn(
/scratch/ar7996/HPML/penv/lib/python3.12/site-packages/PIL/Image.py:3186: DecompressionBombWarning: Image size (143116200 pixels) exceeds limit of 89478485 pixels, could be decompression bomb DOS attack.
  warnings.warn(
Epoch: 17/30 Training loss: 0.8776728463172913, Training acc: 0.63625
Validation Loss: 0.9943150702644797, Validation Accuracy: 0.5588235294117647
Training time: 163.91862256871536 secs, Running time: 1166.2097566020675 secs

Learning Rate: [9.372094804706867e-06]

/scratch/ar7996/HPML/penv/lib/python3.12/site-packages/PIL/Image.py:3186: DecompressionBombWarning: Image size (99997020 pixels) exceeds limit of 89478485 pixels, could be decompression bomb DOS attack.
  warnings.warn(
/scratch/ar7996/HPML/penv/lib/python3.12/site-packages/PIL/Image.py:3186: DecompressionBombWarning: Image size (143116200 pixels) exceeds limit of 89478485 pixels, could be decompression bomb DOS attack.
  warnings.warn(
Epoch: 18/30 Training loss: 0.8638616180419922, Training acc: 0.62375
Validation Loss: 1.0013778805732727, Validation Accuracy: 0.5477941176470589
Training time: 164.15516452351585 secs, Running time: 1187.2873642751947 secs

Learning Rate: [8.126186854142754e-06]

/scratch/ar7996/HPML/penv/lib/python3.12/site-packages/PIL/Image.py:3186: DecompressionBombWarning: Image size (99997020 pixels) exceeds limit of 89478485 pixels, could be decompression bomb DOS attack.
  warnings.warn(
/scratch/ar7996/HPML/penv/lib/python3.12/site-packages/PIL/Image.py:3186: DecompressionBombWarning: Image size (143116200 pixels) exceeds limit of 89478485 pixels, could be decompression bomb DOS attack.
  warnings.warn(
Epoch: 19/30 Training loss: 0.8687820911407471, Training acc: 0.6325
Validation Loss: 0.9952940239625818, Validation Accuracy: 0.5257352941176471
Training time: 164.14780949940905 secs, Running time: 1163.7555274697952 secs

Learning Rate: [6.909830056250529e-06]

/scratch/ar7996/HPML/penv/lib/python3.12/site-packages/PIL/Image.py:3186: DecompressionBombWarning: Image size (99997020 pixels) exceeds limit of 89478485 pixels, could be decompression bomb DOS attack.
  warnings.warn(
/scratch/ar7996/HPML/penv/lib/python3.12/site-packages/PIL/Image.py:3186: DecompressionBombWarning: Image size (143116200 pixels) exceeds limit of 89478485 pixels, could be decompression bomb DOS attack.
  warnings.warn(
Epoch: 20/30 Training loss: 0.8566206640005112, Training acc: 0.65875
Validation Loss: 0.9837547470541561, Validation Accuracy: 0.5404411764705882
Training time: 165.30454987008125 secs, Running time: 1196.2556571718305 secs

Learning Rate: [5.742207084349273e-06]

/scratch/ar7996/HPML/penv/lib/python3.12/site-packages/PIL/Image.py:3186: DecompressionBombWarning: Image size (99997020 pixels) exceeds limit of 89478485 pixels, could be decompression bomb DOS attack.
  warnings.warn(
/scratch/ar7996/HPML/penv/lib/python3.12/site-packages/PIL/Image.py:3186: DecompressionBombWarning: Image size (143116200 pixels) exceeds limit of 89478485 pixels, could be decompression bomb DOS attack.
  warnings.warn(
Epoch: 21/30 Training loss: 0.8454972505569458, Training acc: 0.6425
Validation Loss: 0.9869437059935402, Validation Accuracy: 0.5551470588235294
Training time: 166.47933058440685 secs, Running time: 1209.1541935852729 secs

Learning Rate: [4.64173205021003e-06]

/scratch/ar7996/HPML/penv/lib/python3.12/site-packages/PIL/Image.py:3186: DecompressionBombWarning: Image size (99997020 pixels) exceeds limit of 89478485 pixels, could be decompression bomb DOS attack.
  warnings.warn(
/scratch/ar7996/HPML/penv/lib/python3.12/site-packages/PIL/Image.py:3186: DecompressionBombWarning: Image size (143116200 pixels) exceeds limit of 89478485 pixels, could be decompression bomb DOS attack.
  warnings.warn(
Epoch: 22/30 Training loss: 0.8479980057477952, Training acc: 0.640625
Validation Loss: 0.9867359925718868, Validation Accuracy: 0.5477941176470589
Training time: 164.31679872097448 secs, Running time: 1178.1489365627058 secs

Learning Rate: [3.6257601025131016e-06]

/scratch/ar7996/HPML/penv/lib/python3.12/site-packages/PIL/Image.py:3186: DecompressionBombWarning: Image size (99997020 pixels) exceeds limit of 89478485 pixels, could be decompression bomb DOS attack.
  warnings.warn(
/scratch/ar7996/HPML/penv/lib/python3.12/site-packages/PIL/Image.py:3186: DecompressionBombWarning: Image size (143116200 pixels) exceeds limit of 89478485 pixels, could be decompression bomb DOS attack.
  warnings.warn(
Epoch: 23/30 Training loss: 0.8520409199595451, Training acc: 0.64125
Validation Loss: 0.9931113719940186, Validation Accuracy: 0.5441176470588235
Training time: 163.3398645813577 secs, Running time: 1183.372273108922 secs

Learning Rate: [2.7103137257858863e-06]

/scratch/ar7996/HPML/penv/lib/python3.12/site-packages/PIL/Image.py:3186: DecompressionBombWarning: Image size (99997020 pixels) exceeds limit of 89478485 pixels, could be decompression bomb DOS attack.
  warnings.warn(
/scratch/ar7996/HPML/penv/lib/python3.12/site-packages/PIL/Image.py:3186: DecompressionBombWarning: Image size (143116200 pixels) exceeds limit of 89478485 pixels, could be decompression bomb DOS attack.
  warnings.warn(
Epoch: 24/30 Training loss: 0.8389913260936737, Training acc: 0.655625
Validation Loss: 1.0033164935953476, Validation Accuracy: 0.5330882352941176
Training time: 165.39736433280632 secs, Running time: 1187.8793704528362 secs

Learning Rate: [1.9098300562505266e-06]

/scratch/ar7996/HPML/penv/lib/python3.12/site-packages/PIL/Image.py:3186: DecompressionBombWarning: Image size (99997020 pixels) exceeds limit of 89478485 pixels, could be decompression bomb DOS attack.
  warnings.warn(
/scratch/ar7996/HPML/penv/lib/python3.12/site-packages/PIL/Image.py:3186: DecompressionBombWarning: Image size (143116200 pixels) exceeds limit of 89478485 pixels, could be decompression bomb DOS attack.
  warnings.warn(
Epoch: 25/30 Training loss: 0.8285083335638046, Training acc: 0.65
Validation Loss: 0.9784963797120487, Validation Accuracy: 0.5551470588235294
Training time: 166.1402179012075 secs, Running time: 1177.450071608182 secs

Learning Rate: [1.2369331995613643e-06]

/scratch/ar7996/HPML/penv/lib/python3.12/site-packages/PIL/Image.py:3186: DecompressionBombWarning: Image size (99997020 pixels) exceeds limit of 89478485 pixels, could be decompression bomb DOS attack.
  warnings.warn(
/scratch/ar7996/HPML/penv/lib/python3.12/site-packages/PIL/Image.py:3186: DecompressionBombWarning: Image size (143116200 pixels) exceeds limit of 89478485 pixels, could be decompression bomb DOS attack.
  warnings.warn(
Epoch: 26/30 Training loss: 0.8489180886745453, Training acc: 0.65375
Validation Loss: 0.9691845774650574, Validation Accuracy: 0.5625
Training time: 165.73559166723862 secs, Running time: 1200.4364128396846 secs

Learning Rate: [7.022351411174866e-07]

/scratch/ar7996/HPML/penv/lib/python3.12/site-packages/PIL/Image.py:3186: DecompressionBombWarning: Image size (99997020 pixels) exceeds limit of 89478485 pixels, could be decompression bomb DOS attack.
  warnings.warn(
/scratch/ar7996/HPML/penv/lib/python3.12/site-packages/PIL/Image.py:3186: DecompressionBombWarning: Image size (143116200 pixels) exceeds limit of 89478485 pixels, could be decompression bomb DOS attack.
  warnings.warn(
Epoch: 27/30 Training loss: 0.8441078776121139, Training acc: 0.665625
Validation Loss: 0.96734579521067, Validation Accuracy: 0.5551470588235294
Training time: 164.91029421566054 secs, Running time: 1219.2297646980733 secs

Learning Rate: [3.1416838871369036e-07]

/scratch/ar7996/HPML/penv/lib/python3.12/site-packages/PIL/Image.py:3186: DecompressionBombWarning: Image size (99997020 pixels) exceeds limit of 89478485 pixels, could be decompression bomb DOS attack.
  warnings.warn(
/scratch/ar7996/HPML/penv/lib/python3.12/site-packages/PIL/Image.py:3186: DecompressionBombWarning: Image size (143116200 pixels) exceeds limit of 89478485 pixels, could be decompression bomb DOS attack.
  warnings.warn(
Epoch: 28/30 Training loss: 0.8179218059778214, Training acc: 0.67875
Validation Loss: 1.0000387009452372, Validation Accuracy: 0.5477941176470589
Training time: 166.31564234849066 secs, Running time: 1192.182579988148 secs

Learning Rate: [7.885298685522235e-08]

/scratch/ar7996/HPML/penv/lib/python3.12/site-packages/PIL/Image.py:3186: DecompressionBombWarning: Image size (99997020 pixels) exceeds limit of 89478485 pixels, could be decompression bomb DOS attack.
  warnings.warn(
/scratch/ar7996/HPML/penv/lib/python3.12/site-packages/PIL/Image.py:3186: DecompressionBombWarning: Image size (143116200 pixels) exceeds limit of 89478485 pixels, could be decompression bomb DOS attack.
  warnings.warn(
Epoch: 29/30 Training loss: 0.8231928193569183, Training acc: 0.658125
Validation Loss: 0.9870524090879104, Validation Accuracy: 0.5551470588235294
Training time: 165.1808646460995 secs, Running time: 1187.3594024716876 secs

Learning Rate: [0.0]

/scratch/ar7996/HPML/penv/lib/python3.12/site-packages/PIL/Image.py:3186: DecompressionBombWarning: Image size (99997020 pixels) exceeds limit of 89478485 pixels, could be decompression bomb DOS attack.
  warnings.warn(
/scratch/ar7996/HPML/penv/lib/python3.12/site-packages/PIL/Image.py:3186: DecompressionBombWarning: Image size (143116200 pixels) exceeds limit of 89478485 pixels, could be decompression bomb DOS attack.
  warnings.warn(
wandb: - 0.006 MB of 0.006 MB uploadedwandb: \ 0.006 MB of 0.006 MB uploadedwandb: | 0.020 MB of 0.020 MB uploadedwandb:                                                                                
wandb: 
wandb: Run history:
wandb:          Epoch ▁▁▁▂▂▂▂▃▃▃▃▄▄▄▄▅▅▅▅▆▆▆▆▇▇▇▇███
wandb: Train Accuracy ▁▂▃▄▅▅▆▆▆▆▆▇▆▇▇▇▇▇▇█▇▇▇█▇▇████
wandb:     Train Loss █▇▆▅▅▄▄▃▃▃▃▃▃▂▂▂▂▂▂▂▁▁▁▁▁▁▁▁▁▁
wandb:   Val Accuracy ▁▅▄▄▆▆▆▆▆▇▇▇▇▇█▇█▇▇▇█▇▇▇███▇██
wandb:       Val Loss █▇▆▅▄▃▄▃▃▃▃▃▂▂▂▂▂▂▂▁▁▁▂▂▁▁▁▂▁▁
wandb: 
wandb: Run summary:
wandb:          Epoch 30
wandb: Train Accuracy 0.66
wandb:     Train Loss 0.8201
wandb:   Val Accuracy 0.55147
wandb:       Val Loss 0.97945
wandb: 
wandb: 🚀 View run true-wildflower-5 at: https://wandb.ai/ar7996/HCT/runs/8scj9t5b
wandb: ⭐️ View project at: https://wandb.ai/ar7996/HCT
wandb: Synced 6 W&B file(s), 0 media file(s), 0 artifact file(s) and 1 other file(s)
wandb: Find logs at: ./wandb/run-20240426_105151-8scj9t5b/logs
Epoch: 30/30 Training loss: 0.8201014858484268, Training acc: 0.66
Validation Loss: 0.9794504397055682, Validation Accuracy: 0.5514705882352942
Training time: 166.14340710127726 secs, Running time: 1196.8789122956805 secs

